60303 error addLocalDirectory Could not pack "/root/tmp/npm-23791-o20_p4sY/1447233064983-0.011434866115450859/package" to "/root/.npm/rimraf/2.2.8/package.tgz"
60304 silly lockFile c887906a-pmjs-org-rimraf-rimraf-2-2-8-tgz https://registry.npmjs.org/rimraf/-/rimraf-2.2.8.tgz
60305 silly lockFile c887906a-pmjs-org-rimraf-rimraf-2-2-8-tgz https://registry.npmjs.org/rimraf/-/rimraf-2.2.8.tgz
60306 silly gunzTarPerm extractEntry test/nocase-nomagic.js
60307 silly gunzTarPerm extractEntry test/bash-results.json
60308 verbose about to build /usr/local/lib/node_modules/ionic/node_modules/ionic-app-lib/node_modules/archiver/node_modules/file-utils
60309 info /usr/local/lib/node_modules/ionic/node_modules/ionic-app-lib/node_modules/archiver/node_modules/file-utils unbuild
60310 info preuninstall file-utils@0.1.5
60311 silly gunzTarPerm extractEntry gyp/tools/pretty_gyp.py
60312 silly gunzTarPerm extractEntry gyp/tools/pretty_sln.py
60313 silly gunzTarPerm modified mode [ 'gyp/tools/pretty_sln.py', 509, 493 ]
60314 error Error: ENOENT, open '/root/tmp/npm-23791-o20_p4sY/1447233064988-0.48810158972628415/package/test/fixtures/a/foo.txt'
60315 error If you need help, you may report this log at:
60315 error     <http://github.com/isaacs/npm/issues>
60315 error or email it to:
60315 error     <npm-@googlegroups.com>
60316 error System Linux 3.13.0-67-generic
60317 error command "/usr/bin/nodejs" "/usr/bin/npm" "install" "-g" "ionic"
60318 error cwd /media/SOFT/xampp/htdocs/DMCL_MOBLIE
60319 error node -v v0.10.25
60320 error npm -v 1.3.10
60321 error path /root/tmp/npm-23791-o20_p4sY/1447233064988-0.48810158972628415/package/test/fixtures/a/foo.txt
60322 error code ENOENT
60323 error errno 34
60324 verbose exit [ 34, true ]
