[2016-01-08 04:06:31] local.ERROR: exception 'ErrorException' with message 'Undefined index: date_end' in /media/SOFT/xampp/htdocs/DMCL_MOBLIE/API/app/Http/Controllers/DetailController.php:272
Stack trace:
#0 /media/SOFT/xampp/htdocs/DMCL_MOBLIE/API/app/Http/Controllers/DetailController.php(272): Illuminate\Foundation\Bootstrap\HandleExceptions->handleError(8, 'Undefined index...', '/media/SOFT/xam...', 272, Array)
#1 [internal function]: App\Http\Controllers\DetailController->getdatetime('735', '1')
#2 /media/SOFT/xampp/htdocs/DMCL_MOBLIE/API/vendor/laravel/framework/src/Illuminate/Routing/Controller.php(246): call_user_func_array(Array, Array)
#3 /media/SOFT/xampp/htdocs/DMCL_MOBLIE/API/vendor/laravel/framework/src/Illuminate/Routing/ControllerDispatcher.php(162): Illuminate\Routing\Controller->callAction('getdatetime', Array)
#4 /media/SOFT/xampp/htdocs/DMCL_MOBLIE/API/vendor/laravel/framework/src/Illuminate/Routing/ControllerDispatcher.php(107): Illuminate\Routing\ControllerDispatcher->call(Object(App\Http\Controllers\DetailController), Object(Illuminate\Routing\Route), 'getdatetime')
#5 [internal function]: Illuminate\Routing\ControllerDispatcher->Illuminate\Routing\{closure}(Object(Illuminate\Http\Request))
#6 /media/SOFT/xampp/htdocs/DMCL_MOBLIE/API/vendor/laravel/framework/src/Illuminate/Pipeline/Pipeline.php(141): call_user_func(Object(Closure), Object(Illuminate\Http\Request))
#7 [internal function]: Illuminate\Pipeline\Pipeline->Illuminate\Pipeline\{closure}(Object(Illuminate\Http\Request))
#8 /media/SOFT/xampp/htdocs/DMCL_MOBLIE/API/vendor/laravel/framework/src/Illuminate/Pipeline/Pipeline.php(101): call_user_func(Object(Closure), Object(Illuminate\Http\Request))
#9 /media/SOFT/xampp/htdocs/DMCL_MOBLIE/API/vendor/laravel/framework/src/Illuminate/Routing/ControllerDispatcher.php(108): Illuminate\Pipeline\Pipeline->then(Object(Closure))
#10 /media/SOFT/xampp/htdocs/DMCL_MOBLIE/API/vendor/laravel/framework/src/Illuminate/Routing/ControllerDispatcher.php(67): Illuminate\Routing\ControllerDispatcher->callWithinStack(Object(App\Http\Controllers\DetailController), Object(Illuminate\Routing\Route), Object(Illuminate\Http\Request), 'getdatetime')
#11 /media/SOFT/xampp/htdocs/DMCL_MOBLIE/API/vendor/laravel/framework/src/Illuminate/Routing/Route.php(204): Illuminate\Routing\ControllerDispatcher->dispatch(Object(Illuminate\Routing\Route), Object(Illuminate\Http\Request), 'App\Http\Contro...', 'getdatetime')
#12 /media/SOFT/xampp/htdocs/DMCL_MOBLIE/API/vendor/laravel/framework/src/Illuminate/Routing/Route.php(134): Illuminate\Routing\Route->runWithCustomDispatcher(Object(Illuminate\Http\Request))
#13 /media/SOFT/xampp/htdocs/DMCL_MOBLIE/API/vendor/laravel/framework/src/Illuminate/Routing/Router.php(701): Illuminate\Routing\Route->run(Object(Illuminate\Http\Request))
#14 [internal function]: Illuminate\Routing\Router->Illuminate\Routing\{closure}(Object(Illuminate\Http\Request))
#15 /media/SOFT/xampp/htdocs/DMCL_MOBLIE/API/vendor/laravel/framework/src/Illuminate/Pipeline/Pipeline.php(141): call_user_func(Object(Closure), Object(Illuminate\Http\Request))
#16 [internal function]: Illuminate\Pipeline\Pipeline->Illuminate\Pipeline\{closure}(Object(Illuminate\Http\Request))
#17 /media/SOFT/xampp/htdocs/DMCL_MOBLIE/API/vendor/laravel/framework/src/Illuminate/Pipeline/Pipeline.php(101): call_user_func(Object(Closure), Object(Illuminate\Http\Request))
#18 /media/SOFT/xampp/htdocs/DMCL_MOBLIE/API/vendor/laravel/framework/src/Illuminate/Routing/Router.php(703): Illuminate\Pipeline\Pipeline->then(Object(Closure))
#19 /media/SOFT/xampp/htdocs/DMCL_MOBLIE/API/vendor/laravel/framework/src/Illuminate/Routing/Router.php(670): Illuminate\Routing\Router->runRouteWithinStack(Object(Illuminate\Routing\Route), Object(Illuminate\Http\Request))
#20 /media/SOFT/xampp/htdocs/DMCL_MOBLIE/API/vendor/laravel/framework/src/Illuminate/Routing/Router.php(628): Illuminate\Routing\Router->dispatchToRoute(Object(Illuminate\Http\Request))
#21 /media/SOFT/xampp/htdocs/DMCL_MOBLIE/API/vendor/laravel/framework/src/Illuminate/Foundation/Http/Kernel.php(214): Illuminate\Routing\Router->dispatch(Object(Illuminate\Http\Request))
#22 [internal function]: Illuminate\Foundation\Http\Kernel->Illuminate\Foundation\Http\{closure}(Object(Illuminate\Http\Request))
#23 /media/SOFT/xampp/htdocs/DMCL_MOBLIE/API/vendor/laravel/framework/src/Illuminate/Pipeline/Pipeline.php(141): call_user_func(Object(Closure), Object(Illuminate\Http\Request))
#24 /media/SOFT/xampp/htdocs/DMCL_MOBLIE/API/vendor/laravel/framework/src/Illuminate/Foundation/Http/Middleware/VerifyCsrfToken.php(43): Illuminate\Pipeline\Pipeline->Illuminate\Pipeline\{closure}(Object(Illuminate\Http\Request))
#25 /media/SOFT/xampp/htdocs/DMCL_MOBLIE/API/app/Http/Middleware/VerifyCsrfToken.php(17): Illuminate\Foundation\Http\Middleware\VerifyCsrfToken->handle(Object(Illuminate\Http\Request), Object(Closure))
#26 /media/SOFT/xampp/htdocs/DMCL_MOBLIE/API/vendor/laravel/framework/src/Illuminate/Pipeline/Pipeline.php(125): App\Http\Middleware\VerifyCsrfToken->handle(Object(Illuminate\Http\Request), Object(Closure))
#27 /media/SOFT/xampp/htdocs/DMCL_MOBLIE/API/vendor/laravel/framework/src/Illuminate/View/Middleware/ShareErrorsFromSession.php(55): Illuminate\Pipeline\Pipeline->Illuminate\Pipeline\{closure}(Object(Illuminate\Http\Request))
#28 /media/SOFT/xampp/htdocs/DMCL_MOBLIE/API/vendor/laravel/framework/src/Illuminate/Pipeline/Pipeline.php(125): Illuminate\View\Middleware\ShareErrorsFromSession->handle(Object(Illuminate\Http\Request), Object(Closure))
#29 /media/SOFT/xampp/htdocs/DMCL_MOBLIE/API/vendor/laravel/framework/src/Illuminate/Session/Middleware/StartSession.php(61): Illuminate\Pipeline\Pipeline->Illuminate\Pipeline\{closure}(Object(Illuminate\Http\Request))
#30 /media/SOFT/xampp/htdocs/DMCL_MOBLIE/API/vendor/laravel/framework/src/Illuminate/Pipeline/Pipeline.php(125): Illuminate\Session\Middleware\StartSession->handle(Object(Illuminate\Http\Request), Object(Closure))
#31 /media/SOFT/xampp/htdocs/DMCL_MOBLIE/API/vendor/laravel/framework/src/Illuminate/Cookie/Middleware/AddQueuedCookiesToResponse.php(36): Illuminate\Pipeline\Pipeline->Illuminate\Pipeline\{closure}(Object(Illuminate\Http\Request))
#32 /media/SOFT/xampp/htdocs/DMCL_MOBLIE/API/vendor/laravel/framework/src/Illuminate/Pipeline/Pipeline.php(125): Illuminate\Cookie\Middleware\AddQueuedCookiesToResponse->handle(Object(Illuminate\Http\Request), Object(Closure))
#33 /media/SOFT/xampp/htdocs/DMCL_MOBLIE/API/vendor/laravel/framework/src/Illuminate/Cookie/Middleware/EncryptCookies.php(40): Illuminate\Pipeline\Pipeline->Illuminate\Pipeline\{closure}(Object(Illuminate\Http\Request))
#34 /media/SOFT/xampp/htdocs/DMCL_MOBLIE/API/vendor/laravel/framework/src/Illuminate/Pipeline/Pipeline.php(125): Illuminate\Cookie\Middleware\EncryptCookies->handle(Object(Illuminate\Http\Request), Object(Closure))
#35 /media/SOFT/xampp/htdocs/DMCL_MOBLIE/API/vendor/laravel/framework/src/Illuminate/Foundation/Http/Middleware/CheckForMaintenanceMode.php(42): Illuminate\Pipeline\Pipeline->Illuminate\Pipeline\{closure}(Object(Illuminate\Http\Request))
#36 /media/SOFT/xampp/htdocs/DMCL_MOBLIE/API/vendor/laravel/framework/src/Illuminate/Pipeline/Pipeline.php(125): Illuminate\Foundation\Http\Middleware\CheckForMaintenanceMode->handle(Object(Illuminate\Http\Request), Object(Closure))
#37 [internal function]: Illuminate\Pipeline\Pipeline->Illuminate\Pipeline\{closure}(Object(Illuminate\Http\Request))
#38 /media/SOFT/xampp/htdocs/DMCL_MOBLIE/API/vendor/laravel/framework/src/Illuminate/Pipeline/Pipeline.php(101): call_user_func(Object(Closure), Object(Illuminate\Http\Request))
#39 /media/SOFT/xampp/htdocs/DMCL_MOBLIE/API/vendor/laravel/framework/src/Illuminate/Foundation/Http/Kernel.php(115): Illuminate\Pipeline\Pipeline->then(Object(Closure))
#40 /media/SOFT/xampp/htdocs/DMCL_MOBLIE/API/vendor/laravel/framework/src/Illuminate/Foundation/Http/Kernel.php(84): Illuminate\Foundation\Http\Kernel->sendRequestThroughRouter(Object(Illuminate\Http\Request))
#41 /media/SOFT/xampp/htdocs/DMCL_MOBLIE/API/index.php(56): Illuminate\Foundation\Http\Kernel->handle(Object(Illuminate\Http\Request))
#42 {main}  
