[2016-01-16 09:08:58] local.ERROR: exception 'Symfony\Component\Debug\Exception\FatalErrorException' with message 'Call to a member function toJson() on a non-object' in /media/SOFT/xampp/htdocs/DMCL_MOBLIE/API/app/Http/Controllers/ProductController.php:133
Stack trace:
#0 {main}  
[2016-01-16 09:14:15] local.ERROR: exception 'PDOException' with message 'SQLSTATE[42S22]: Column not found: 1054 Unknown column 'undefined' in 'where clause'' in /media/SOFT/xampp/htdocs/DMCL_MOBLIE/API/vendor/laravel/framework/src/Illuminate/Database/Connection.php:292
Stack trace:
#0 /media/SOFT/xampp/htdocs/DMCL_MOBLIE/API/vendor/laravel/framework/src/Illuminate/Database/Connection.php(292): PDO->prepare('SELECT * FROM t...')
#1 /media/SOFT/xampp/htdocs/DMCL_MOBLIE/API/vendor/laravel/framework/src/Illuminate/Database/Connection.php(616): Illuminate\Database\Connection->Illuminate\Database\{closure}(Object(Illuminate\Database\MySqlConnection), 'SELECT * FROM t...', Array)
#2 /media/SOFT/xampp/htdocs/DMCL_MOBLIE/API/vendor/laravel/framework/src/Illuminate/Database/Connection.php(580): Illuminate\Database\Connection->runQueryCallback('SELECT * FROM t...', Array, Object(Closure))
#3 /media/SOFT/xampp/htdocs/DMCL_MOBLIE/API/vendor/laravel/framework/src/Illuminate/Database/Connection.php(297): Illuminate\Database\Connection->run('SELECT * FROM t...', Array, Object(Closure))
#4 [internal function]: Illuminate\Database\Connection->select('SELECT * FROM t...')
#5 /media/SOFT/xampp/htdocs/DMCL_MOBLIE/API/vendor/laravel/framework/src/Illuminate/Database/DatabaseManager.php(304): call_user_func_array(Array, Array)
#6 /media/SOFT/xampp/htdocs/DMCL_MOBLIE/API/vendor/laravel/framework/src/Illuminate/Support/Facades/Facade.php(210): Illuminate\Database\DatabaseManager->__call('select', Array)
#7 /media/SOFT/xampp/htdocs/DMCL_MOBLIE/API/vendor/laravel/framework/src/Illuminate/Support/Facades/Facade.php(210): Illuminate\Database\DatabaseManager->select('SELECT * FROM t...')
#8 /media/SOFT/xampp/htdocs/DMCL_MOBLIE/API/app/Http/Controllers/UserController.php(18): Illuminate\Support\Facades\Facade::__callStatic('select', Array)
#9 /media/SOFT/xampp/htdocs/DMCL_MOBLIE/API/app/Http/Controllers/UserController.php(18): Illuminate\Support\Facades\DB::select('SELECT * FROM t...')
#10 [internal function]: App\Http\Controllers\UserController->getlocation('undefined')
#11 /media/SOFT/xampp/htdocs/DMCL_MOBLIE/API/vendor/laravel/framework/src/Illuminate/Routing/Controller.php(246): call_user_func_array(Array, Array)
#12 /media/SOFT/xampp/htdocs/DMCL_MOBLIE/API/vendor/laravel/framework/src/Illuminate/Routing/ControllerDispatcher.php(162): Illuminate\Routing\Controller->callAction('getlocation', Array)
#13 /media/SOFT/xampp/htdocs/DMCL_MOBLIE/API/vendor/laravel/framework/src/Illuminate/Routing/ControllerDispatcher.php(107): Illuminate\Routing\ControllerDispatcher->call(Object(App\Http\Controllers\UserController), Object(Illuminate\Routing\Route), 'getlocation')
#14 [internal function]: Illuminate\Routing\ControllerDispatcher->Illuminate\Routing\{closure}(Object(Illuminate\Http\Request))
#15 /media/SOFT/xampp/htdocs/DMCL_MOBLIE/API/vendor/laravel/framework/src/Illuminate/Pipeline/Pipeline.php(141): call_user_func(Object(Closure), Object(Illuminate\Http\Request))
#16 [internal function]: Illuminate\Pipeline\Pipeline->Illuminate\Pipeline\{closure}(Object(Illuminate\Http\Request))
#17 /media/SOFT/xampp/htdocs/DMCL_MOBLIE/API/vendor/laravel/framework/src/Illuminate/Pipeline/Pipeline.php(101): call_user_func(Object(Closure), Object(Illuminate\Http\Request))
#18 /media/SOFT/xampp/htdocs/DMCL_MOBLIE/API/vendor/laravel/framework/src/Illuminate/Routing/ControllerDispatcher.php(108): Illuminate\Pipeline\Pipeline->then(Object(Closure))
#19 /media/SOFT/xampp/htdocs/DMCL_MOBLIE/API/vendor/laravel/framework/src/Illuminate/Routing/ControllerDispatcher.php(67): Illuminate\Routing\ControllerDispatcher->callWithinStack(Object(App\Http\Controllers\UserController), Object(Illuminate\Routing\Route), Object(Illuminate\Http\Request), 'getlocation')
#20 /media/SOFT/xampp/htdocs/DMCL_MOBLIE/API/vendor/laravel/framework/src/Illuminate/Routing/Route.php(204): Illuminate\Routing\ControllerDispatcher->dispatch(Object(Illuminate\Routing\Route), Object(Illuminate\Http\Request), 'App\Http\Contro...', 'getlocation')
#21 /media/SOFT/xampp/htdocs/DMCL_MOBLIE/API/vendor/laravel/framework/src/Illuminate/Routing/Route.php(134): Illuminate\Routing\Route->runWithCustomDispatcher(Object(Illuminate\Http\Request))
#22 /media/SOFT/xampp/htdocs/DMCL_MOBLIE/API/vendor/laravel/framework/src/Illuminate/Routing/Router.php(701): Illuminate\Routing\Route->run(Object(Illuminate\Http\Request))
#23 [internal function]: Illuminate\Routing\Router->Illuminate\Routing\{closure}(Object(Illuminate\Http\Request))
#24 /media/SOFT/xampp/htdocs/DMCL_MOBLIE/API/vendor/laravel/framework/src/Illuminate/Pipeline/Pipeline.php(141): call_user_func(Object(Closure), Object(Illuminate\Http\Request))
#25 [internal function]: Illuminate\Pipeline\Pipeline->Illuminate\Pipeline\{closure}(Object(Illuminate\Http\Request))
#26 /media/SOFT/xampp/htdocs/DMCL_MOBLIE/API/vendor/laravel/framework/src/Illuminate/Pipeline/Pipeline.php(101): call_user_func(Object(Closure), Object(Illuminate\Http\Request))
#27 /media/SOFT/xampp/htdocs/DMCL_MOBLIE/API/vendor/laravel/framework/src/Illuminate/Routing/Router.php(703): Illuminate\Pipeline\Pipeline->then(Object(Closure))
#28 /media/SOFT/xampp/htdocs/DMCL_MOBLIE/API/vendor/laravel/framework/src/Illuminate/Routing/Router.php(670): Illuminate\Routing\Router->runRouteWithinStack(Object(Illuminate\Routing\Route), Object(Illuminate\Http\Request))
#29 /media/SOFT/xampp/htdocs/DMCL_MOBLIE/API/vendor/laravel/framework/src/Illuminate/Routing/Router.php(628): Illuminate\Routing\Router->dispatchToRoute(Object(Illuminate\Http\Request))
#30 /media/SOFT/xampp/htdocs/DMCL_MOBLIE/API/vendor/laravel/framework/src/Illuminate/Foundation/Http/Kernel.php(214): Illuminate\Routing\Router->dispatch(Object(Illuminate\Http\Request))
#31 [internal function]: Illuminate\Foundation\Http\Kernel->Illuminate\Foundation\Http\{closure}(Object(Illuminate\Http\Request))
#32 /media/SOFT/xampp/htdocs/DMCL_MOBLIE/API/vendor/laravel/framework/src/Illuminate/Pipeline/Pipeline.php(141): call_user_func(Object(Closure), Object(Illuminate\Http\Request))
#33 /media/SOFT/xampp/htdocs/DMCL_MOBLIE/API/vendor/laravel/framework/src/Illuminate/Foundation/Http/Middleware/VerifyCsrfToken.php(43): Illuminate\Pipeline\Pipeline->Illuminate\Pipeline\{closure}(Object(Illuminate\Http\Request))
#34 /media/SOFT/xampp/htdocs/DMCL_MOBLIE/API/app/Http/Middleware/VerifyCsrfToken.php(17): Illuminate\Foundation\Http\Middleware\VerifyCsrfToken->handle(Object(Illuminate\Http\Request), Object(Closure))
#35 /media/SOFT/xampp/htdocs/DMCL_MOBLIE/API/vendor/laravel/framework/src/Illuminate/Pipeline/Pipeline.php(125): App\Http\Middleware\VerifyCsrfToken->handle(Object(Illuminate\Http\Request), Object(Closure))
#36 /media/SOFT/xampp/htdocs/DMCL_MOBLIE/API/vendor/laravel/framework/src/Illuminate/View/Middleware/ShareErrorsFromSession.php(55): Illuminate\Pipeline\Pipeline->Illuminate\Pipeline\{closure}(Object(Illuminate\Http\Request))
#37 /media/SOFT/xampp/htdocs/DMCL_MOBLIE/API/vendor/laravel/framework/src/Illuminate/Pipeline/Pipeline.php(125): Illuminate\View\Middleware\ShareErrorsFromSession->handle(Object(Illuminate\Http\Request), Object(Closure))
#38 /media/SOFT/xampp/htdocs/DMCL_MOBLIE/API/vendor/laravel/framework/src/Illuminate/Session/Middleware/StartSession.php(61): Illuminate\Pipeline\Pipeline->Illuminate\Pipeline\{closure}(Object(Illuminate\Http\Request))
#39 /media/SOFT/xampp/htdocs/DMCL_MOBLIE/API/vendor/laravel/framework/src/Illuminate/Pipeline/Pipeline.php(125): Illuminate\Session\Middleware\StartSession->handle(Object(Illuminate\Http\Request), Object(Closure))
#40 /media/SOFT/xampp/htdocs/DMCL_MOBLIE/API/vendor/laravel/framework/src/Illuminate/Cookie/Middleware/AddQueuedCookiesToResponse.php(36): Illuminate\Pipeline\Pipeline->Illuminate\Pipeline\{closure}(Object(Illuminate\Http\Request))
#41 /media/SOFT/xampp/htdocs/DMCL_MOBLIE/API/vendor/laravel/framework/src/Illuminate/Pipeline/Pipeline.php(125): Illuminate\Cookie\Middleware\AddQueuedCookiesToResponse->handle(Object(Illuminate\Http\Request), Object(Closure))
#42 /media/SOFT/xampp/htdocs/DMCL_MOBLIE/API/vendor/laravel/framework/src/Illuminate/Cookie/Middleware/EncryptCookies.php(40): Illuminate\Pipeline\Pipeline->Illuminate\Pipeline\{closure}(Object(Illuminate\Http\Request))
#43 /media/SOFT/xampp/htdocs/DMCL_MOBLIE/API/vendor/laravel/framework/src/Illuminate/Pipeline/Pipeline.php(125): Illuminate\Cookie\Middleware\EncryptCookies->handle(Object(Illuminate\Http\Request), Object(Closure))
#44 /media/SOFT/xampp/htdocs/DMCL_MOBLIE/API/vendor/laravel/framework/src/Illuminate/Foundation/Http/Middleware/CheckForMaintenanceMode.php(42): Illuminate\Pipeline\Pipeline->Illuminate\Pipeline\{closure}(Object(Illuminate\Http\Request))
#45 /media/SOFT/xampp/htdocs/DMCL_MOBLIE/API/vendor/laravel/framework/src/Illuminate/Pipeline/Pipeline.php(125): Illuminate\Foundation\Http\Middleware\CheckForMaintenanceMode->handle(Object(Illuminate\Http\Request), Object(Closure))
#46 [internal function]: Illuminate\Pipeline\Pipeline->Illuminate\Pipeline\{closure}(Object(Illuminate\Http\Request))
#47 /media/SOFT/xampp/htdocs/DMCL_MOBLIE/API/vendor/laravel/framework/src/Illuminate/Pipeline/Pipeline.php(101): call_user_func(Object(Closure), Object(Illuminate\Http\Request))
#48 /media/SOFT/xampp/htdocs/DMCL_MOBLIE/API/vendor/laravel/framework/src/Illuminate/Foundation/Http/Kernel.php(115): Illuminate\Pipeline\Pipeline->then(Object(Closure))
#49 /media/SOFT/xampp/htdocs/DMCL_MOBLIE/API/vendor/laravel/framework/src/Illuminate/Foundation/Http/Kernel.php(84): Illuminate\Foundation\Http\Kernel->sendRequestThroughRouter(Object(Illuminate\Http\Request))
#50 /media/SOFT/xampp/htdocs/DMCL_MOBLIE/API/index.php(56): Illuminate\Foundation\Http\Kernel->handle(Object(Illuminate\Http\Request))
#51 {main}

Next exception 'Illuminate\Database\QueryException' with message 'SQLSTATE[42S22]: Column not found: 1054 Unknown column 'undefined' in 'where clause' (SQL: SELECT * FROM tm_cities WHERE id=undefined)' in /media/SOFT/xampp/htdocs/DMCL_MOBLIE/API/vendor/laravel/framework/src/Illuminate/Database/Connection.php:624
Stack trace:
#0 /media/SOFT/xampp/htdocs/DMCL_MOBLIE/API/vendor/laravel/framework/src/Illuminate/Database/Connection.php(580): Illuminate\Database\Connection->runQueryCallback('SELECT * FROM t...', Array, Object(Closure))
#1 /media/SOFT/xampp/htdocs/DMCL_MOBLIE/API/vendor/laravel/framework/src/Illuminate/Database/Connection.php(297): Illuminate\Database\Connection->run('SELECT * FROM t...', Array, Object(Closure))
#2 [internal function]: Illuminate\Database\Connection->select('SELECT * FROM t...')
#3 /media/SOFT/xampp/htdocs/DMCL_MOBLIE/API/vendor/laravel/framework/src/Illuminate/Database/DatabaseManager.php(304): call_user_func_array(Array, Array)
#4 /media/SOFT/xampp/htdocs/DMCL_MOBLIE/API/vendor/laravel/framework/src/Illuminate/Support/Facades/Facade.php(210): Illuminate\Database\DatabaseManager->__call('select', Array)
#5 /media/SOFT/xampp/htdocs/DMCL_MOBLIE/API/vendor/laravel/framework/src/Illuminate/Support/Facades/Facade.php(210): Illuminate\Database\DatabaseManager->select('SELECT * FROM t...')
#6 /media/SOFT/xampp/htdocs/DMCL_MOBLIE/API/app/Http/Controllers/UserController.php(18): Illuminate\Support\Facades\Facade::__callStatic('select', Array)
#7 /media/SOFT/xampp/htdocs/DMCL_MOBLIE/API/app/Http/Controllers/UserController.php(18): Illuminate\Support\Facades\DB::select('SELECT * FROM t...')
#8 [internal function]: App\Http\Controllers\UserController->getlocation('undefined')
#9 /media/SOFT/xampp/htdocs/DMCL_MOBLIE/API/vendor/laravel/framework/src/Illuminate/Routing/Controller.php(246): call_user_func_array(Array, Array)
#10 /media/SOFT/xampp/htdocs/DMCL_MOBLIE/API/vendor/laravel/framework/src/Illuminate/Routing/ControllerDispatcher.php(162): Illuminate\Routing\Controller->callAction('getlocation', Array)
#11 /media/SOFT/xampp/htdocs/DMCL_MOBLIE/API/vendor/laravel/framework/src/Illuminate/Routing/ControllerDispatcher.php(107): Illuminate\Routing\ControllerDispatcher->call(Object(App\Http\Controllers\UserController), Object(Illuminate\Routing\Route), 'getlocation')
#12 [internal function]: Illuminate\Routing\ControllerDispatcher->Illuminate\Routing\{closure}(Object(Illuminate\Http\Request))
#13 /media/SOFT/xampp/htdocs/DMCL_MOBLIE/API/vendor/laravel/framework/src/Illuminate/Pipeline/Pipeline.php(141): call_user_func(Object(Closure), Object(Illuminate\Http\Request))
#14 [internal function]: Illuminate\Pipeline\Pipeline->Illuminate\Pipeline\{closure}(Object(Illuminate\Http\Request))
#15 /media/SOFT/xampp/htdocs/DMCL_MOBLIE/API/vendor/laravel/framework/src/Illuminate/Pipeline/Pipeline.php(101): call_user_func(Object(Closure), Object(Illuminate\Http\Request))
#16 /media/SOFT/xampp/htdocs/DMCL_MOBLIE/API/vendor/laravel/framework/src/Illuminate/Routing/ControllerDispatcher.php(108): Illuminate\Pipeline\Pipeline->then(Object(Closure))
#17 /media/SOFT/xampp/htdocs/DMCL_MOBLIE/API/vendor/laravel/framework/src/Illuminate/Routing/ControllerDispatcher.php(67): Illuminate\Routing\ControllerDispatcher->callWithinStack(Object(App\Http\Controllers\UserController), Object(Illuminate\Routing\Route), Object(Illuminate\Http\Request), 'getlocation')
#18 /media/SOFT/xampp/htdocs/DMCL_MOBLIE/API/vendor/laravel/framework/src/Illuminate/Routing/Route.php(204): Illuminate\Routing\ControllerDispatcher->dispatch(Object(Illuminate\Routing\Route), Object(Illuminate\Http\Request), 'App\Http\Contro...', 'getlocation')
#19 /media/SOFT/xampp/htdocs/DMCL_MOBLIE/API/vendor/laravel/framework/src/Illuminate/Routing/Route.php(134): Illuminate\Routing\Route->runWithCustomDispatcher(Object(Illuminate\Http\Request))
#20 /media/SOFT/xampp/htdocs/DMCL_MOBLIE/API/vendor/laravel/framework/src/Illuminate/Routing/Router.php(701): Illuminate\Routing\Route->run(Object(Illuminate\Http\Request))
#21 [internal function]: Illuminate\Routing\Router->Illuminate\Routing\{closure}(Object(Illuminate\Http\Request))
#22 /media/SOFT/xampp/htdocs/DMCL_MOBLIE/API/vendor/laravel/framework/src/Illuminate/Pipeline/Pipeline.php(141): call_user_func(Object(Closure), Object(Illuminate\Http\Request))
#23 [internal function]: Illuminate\Pipeline\Pipeline->Illuminate\Pipeline\{closure}(Object(Illuminate\Http\Request))
#24 /media/SOFT/xampp/htdocs/DMCL_MOBLIE/API/vendor/laravel/framework/src/Illuminate/Pipeline/Pipeline.php(101): call_user_func(Object(Closure), Object(Illuminate\Http\Request))
#25 /media/SOFT/xampp/htdocs/DMCL_MOBLIE/API/vendor/laravel/framework/src/Illuminate/Routing/Router.php(703): Illuminate\Pipeline\Pipeline->then(Object(Closure))
#26 /media/SOFT/xampp/htdocs/DMCL_MOBLIE/API/vendor/laravel/framework/src/Illuminate/Routing/Router.php(670): Illuminate\Routing\Router->runRouteWithinStack(Object(Illuminate\Routing\Route), Object(Illuminate\Http\Request))
#27 /media/SOFT/xampp/htdocs/DMCL_MOBLIE/API/vendor/laravel/framework/src/Illuminate/Routing/Router.php(628): Illuminate\Routing\Router->dispatchToRoute(Object(Illuminate\Http\Request))
#28 /media/SOFT/xampp/htdocs/DMCL_MOBLIE/API/vendor/laravel/framework/src/Illuminate/Foundation/Http/Kernel.php(214): Illuminate\Routing\Router->dispatch(Object(Illuminate\Http\Request))
#29 [internal function]: Illuminate\Foundation\Http\Kernel->Illuminate\Foundation\Http\{closure}(Object(Illuminate\Http\Request))
#30 /media/SOFT/xampp/htdocs/DMCL_MOBLIE/API/vendor/laravel/framework/src/Illuminate/Pipeline/Pipeline.php(141): call_user_func(Object(Closure), Object(Illuminate\Http\Request))
#31 /media/SOFT/xampp/htdocs/DMCL_MOBLIE/API/vendor/laravel/framework/src/Illuminate/Foundation/Http/Middleware/VerifyCsrfToken.php(43): Illuminate\Pipeline\Pipeline->Illuminate\Pipeline\{closure}(Object(Illuminate\Http\Request))
#32 /media/SOFT/xampp/htdocs/DMCL_MOBLIE/API/app/Http/Middleware/VerifyCsrfToken.php(17): Illuminate\Foundation\Http\Middleware\VerifyCsrfToken->handle(Object(Illuminate\Http\Request), Object(Closure))
#33 /media/SOFT/xampp/htdocs/DMCL_MOBLIE/API/vendor/laravel/framework/src/Illuminate/Pipeline/Pipeline.php(125): App\Http\Middleware\VerifyCsrfToken->handle(Object(Illuminate\Http\Request), Object(Closure))
#34 /media/SOFT/xampp/htdocs/DMCL_MOBLIE/API/vendor/laravel/framework/src/Illuminate/View/Middleware/ShareErrorsFromSession.php(55): Illuminate\Pipeline\Pipeline->Illuminate\Pipeline\{closure}(Object(Illuminate\Http\Request))
#35 /media/SOFT/xampp/htdocs/DMCL_MOBLIE/API/vendor/laravel/framework/src/Illuminate/Pipeline/Pipeline.php(125): Illuminate\View\Middleware\ShareErrorsFromSession->handle(Object(Illuminate\Http\Request), Object(Closure))
#36 /media/SOFT/xampp/htdocs/DMCL_MOBLIE/API/vendor/laravel/framework/src/Illuminate/Session/Middleware/StartSession.php(61): Illuminate\Pipeline\Pipeline->Illuminate\Pipeline\{closure}(Object(Illuminate\Http\Request))
#37 /media/SOFT/xampp/htdocs/DMCL_MOBLIE/API/vendor/laravel/framework/src/Illuminate/Pipeline/Pipeline.php(125): Illuminate\Session\Middleware\StartSession->handle(Object(Illuminate\Http\Request), Object(Closure))
#38 /media/SOFT/xampp/htdocs/DMCL_MOBLIE/API/vendor/laravel/framework/src/Illuminate/Cookie/Middleware/AddQueuedCookiesToResponse.php(36): Illuminate\Pipeline\Pipeline->Illuminate\Pipeline\{closure}(Object(Illuminate\Http\Request))
#39 /media/SOFT/xampp/htdocs/DMCL_MOBLIE/API/vendor/laravel/framework/src/Illuminate/Pipeline/Pipeline.php(125): Illuminate\Cookie\Middleware\AddQueuedCookiesToResponse->handle(Object(Illuminate\Http\Request), Object(Closure))
#40 /media/SOFT/xampp/htdocs/DMCL_MOBLIE/API/vendor/laravel/framework/src/Illuminate/Cookie/Middleware/EncryptCookies.php(40): Illuminate\Pipeline\Pipeline->Illuminate\Pipeline\{closure}(Object(Illuminate\Http\Request))
#41 /media/SOFT/xampp/htdocs/DMCL_MOBLIE/API/vendor/laravel/framework/src/Illuminate/Pipeline/Pipeline.php(125): Illuminate\Cookie\Middleware\EncryptCookies->handle(Object(Illuminate\Http\Request), Object(Closure))
#42 /media/SOFT/xampp/htdocs/DMCL_MOBLIE/API/vendor/laravel/framework/src/Illuminate/Foundation/Http/Middleware/CheckForMaintenanceMode.php(42): Illuminate\Pipeline\Pipeline->Illuminate\Pipeline\{closure}(Object(Illuminate\Http\Request))
#43 /media/SOFT/xampp/htdocs/DMCL_MOBLIE/API/vendor/laravel/framework/src/Illuminate/Pipeline/Pipeline.php(125): Illuminate\Foundation\Http\Middleware\CheckForMaintenanceMode->handle(Object(Illuminate\Http\Request), Object(Closure))
#44 [internal function]: Illuminate\Pipeline\Pipeline->Illuminate\Pipeline\{closure}(Object(Illuminate\Http\Request))
#45 /media/SOFT/xampp/htdocs/DMCL_MOBLIE/API/vendor/laravel/framework/src/Illuminate/Pipeline/Pipeline.php(101): call_user_func(Object(Closure), Object(Illuminate\Http\Request))
#46 /media/SOFT/xampp/htdocs/DMCL_MOBLIE/API/vendor/laravel/framework/src/Illuminate/Foundation/Http/Kernel.php(115): Illuminate\Pipeline\Pipeline->then(Object(Closure))
#47 /media/SOFT/xampp/htdocs/DMCL_MOBLIE/API/vendor/laravel/framework/src/Illuminate/Foundation/Http/Kernel.php(84): Illuminate\Foundation\Http\Kernel->sendRequestThroughRouter(Object(Illuminate\Http\Request))
#48 /media/SOFT/xampp/htdocs/DMCL_MOBLIE/API/index.php(56): Illuminate\Foundation\Http\Kernel->handle(Object(Illuminate\Http\Request))
#49 {main}  
[2016-01-16 09:14:15] local.ERROR: exception 'PDOException' with message 'SQLSTATE[42S22]: Column not found: 1054 Unknown column 'undefined' in 'where clause'' in /media/SOFT/xampp/htdocs/DMCL_MOBLIE/API/vendor/laravel/framework/src/Illuminate/Database/Connection.php:292
Stack trace:
#0 /media/SOFT/xampp/htdocs/DMCL_MOBLIE/API/vendor/laravel/framework/src/Illuminate/Database/Connection.php(292): PDO->prepare('SELECT * FROM t...')
#1 /media/SOFT/xampp/htdocs/DMCL_MOBLIE/API/vendor/laravel/framework/src/Illuminate/Database/Connection.php(616): Illuminate\Database\Connection->Illuminate\Database\{closure}(Object(Illuminate\Database\MySqlConnection), 'SELECT * FROM t...', Array)
#2 /media/SOFT/xampp/htdocs/DMCL_MOBLIE/API/vendor/laravel/framework/src/Illuminate/Database/Connection.php(580): Illuminate\Database\Connection->runQueryCallback('SELECT * FROM t...', Array, Object(Closure))
#3 /media/SOFT/xampp/htdocs/DMCL_MOBLIE/API/vendor/laravel/framework/src/Illuminate/Database/Connection.php(297): Illuminate\Database\Connection->run('SELECT * FROM t...', Array, Object(Closure))
#4 [internal function]: Illuminate\Database\Connection->select('SELECT * FROM t...')
#5 /media/SOFT/xampp/htdocs/DMCL_MOBLIE/API/vendor/laravel/framework/src/Illuminate/Database/DatabaseManager.php(304): call_user_func_array(Array, Array)
#6 /media/SOFT/xampp/htdocs/DMCL_MOBLIE/API/vendor/laravel/framework/src/Illuminate/Support/Facades/Facade.php(210): Illuminate\Database\DatabaseManager->__call('select', Array)
#7 /media/SOFT/xampp/htdocs/DMCL_MOBLIE/API/vendor/laravel/framework/src/Illuminate/Support/Facades/Facade.php(210): Illuminate\Database\DatabaseManager->select('SELECT * FROM t...')
#8 /media/SOFT/xampp/htdocs/DMCL_MOBLIE/API/app/Http/Controllers/UserController.php(18): Illuminate\Support\Facades\Facade::__callStatic('select', Array)
#9 /media/SOFT/xampp/htdocs/DMCL_MOBLIE/API/app/Http/Controllers/UserController.php(18): Illuminate\Support\Facades\DB::select('SELECT * FROM t...')
#10 [internal function]: App\Http\Controllers\UserController->getlocation('undefined')
#11 /media/SOFT/xampp/htdocs/DMCL_MOBLIE/API/vendor/laravel/framework/src/Illuminate/Routing/Controller.php(246): call_user_func_array(Array, Array)
#12 /media/SOFT/xampp/htdocs/DMCL_MOBLIE/API/vendor/laravel/framework/src/Illuminate/Routing/ControllerDispatcher.php(162): Illuminate\Routing\Controller->callAction('getlocation', Array)
#13 /media/SOFT/xampp/htdocs/DMCL_MOBLIE/API/vendor/laravel/framework/src/Illuminate/Routing/ControllerDispatcher.php(107): Illuminate\Routing\ControllerDispatcher->call(Object(App\Http\Controllers\UserController), Object(Illuminate\Routing\Route), 'getlocation')
#14 [internal function]: Illuminate\Routing\ControllerDispatcher->Illuminate\Routing\{closure}(Object(Illuminate\Http\Request))
#15 /media/SOFT/xampp/htdocs/DMCL_MOBLIE/API/vendor/laravel/framework/src/Illuminate/Pipeline/Pipeline.php(141): call_user_func(Object(Closure), Object(Illuminate\Http\Request))
#16 [internal function]: Illuminate\Pipeline\Pipeline->Illuminate\Pipeline\{closure}(Object(Illuminate\Http\Request))
#17 /media/SOFT/xampp/htdocs/DMCL_MOBLIE/API/vendor/laravel/framework/src/Illuminate/Pipeline/Pipeline.php(101): call_user_func(Object(Closure), Object(Illuminate\Http\Request))
#18 /media/SOFT/xampp/htdocs/DMCL_MOBLIE/API/vendor/laravel/framework/src/Illuminate/Routing/ControllerDispatcher.php(108): Illuminate\Pipeline\Pipeline->then(Object(Closure))
#19 /media/SOFT/xampp/htdocs/DMCL_MOBLIE/API/vendor/laravel/framework/src/Illuminate/Routing/ControllerDispatcher.php(67): Illuminate\Routing\ControllerDispatcher->callWithinStack(Object(App\Http\Controllers\UserController), Object(Illuminate\Routing\Route), Object(Illuminate\Http\Request), 'getlocation')
#20 /media/SOFT/xampp/htdocs/DMCL_MOBLIE/API/vendor/laravel/framework/src/Illuminate/Routing/Route.php(204): Illuminate\Routing\ControllerDispatcher->dispatch(Object(Illuminate\Routing\Route), Object(Illuminate\Http\Request), 'App\Http\Contro...', 'getlocation')
#21 /media/SOFT/xampp/htdocs/DMCL_MOBLIE/API/vendor/laravel/framework/src/Illuminate/Routing/Route.php(134): Illuminate\Routing\Route->runWithCustomDispatcher(Object(Illuminate\Http\Request))
#22 /media/SOFT/xampp/htdocs/DMCL_MOBLIE/API/vendor/laravel/framework/src/Illuminate/Routing/Router.php(701): Illuminate\Routing\Route->run(Object(Illuminate\Http\Request))
#23 [internal function]: Illuminate\Routing\Router->Illuminate\Routing\{closure}(Object(Illuminate\Http\Request))
#24 /media/SOFT/xampp/htdocs/DMCL_MOBLIE/API/vendor/laravel/framework/src/Illuminate/Pipeline/Pipeline.php(141): call_user_func(Object(Closure), Object(Illuminate\Http\Request))
#25 [internal function]: Illuminate\Pipeline\Pipeline->Illuminate\Pipeline\{closure}(Object(Illuminate\Http\Request))
#26 /media/SOFT/xampp/htdocs/DMCL_MOBLIE/API/vendor/laravel/framework/src/Illuminate/Pipeline/Pipeline.php(101): call_user_func(Object(Closure), Object(Illuminate\Http\Request))
#27 /media/SOFT/xampp/htdocs/DMCL_MOBLIE/API/vendor/laravel/framework/src/Illuminate/Routing/Router.php(703): Illuminate\Pipeline\Pipeline->then(Object(Closure))
#28 /media/SOFT/xampp/htdocs/DMCL_MOBLIE/API/vendor/laravel/framework/src/Illuminate/Routing/Router.php(670): Illuminate\Routing\Router->runRouteWithinStack(Object(Illuminate\Routing\Route), Object(Illuminate\Http\Request))
#29 /media/SOFT/xampp/htdocs/DMCL_MOBLIE/API/vendor/laravel/framework/src/Illuminate/Routing/Router.php(628): Illuminate\Routing\Router->dispatchToRoute(Object(Illuminate\Http\Request))
#30 /media/SOFT/xampp/htdocs/DMCL_MOBLIE/API/vendor/laravel/framework/src/Illuminate/Foundation/Http/Kernel.php(214): Illuminate\Routing\Router->dispatch(Object(Illuminate\Http\Request))
#31 [internal function]: Illuminate\Foundation\Http\Kernel->Illuminate\Foundation\Http\{closure}(Object(Illuminate\Http\Request))
#32 /media/SOFT/xampp/htdocs/DMCL_MOBLIE/API/vendor/laravel/framework/src/Illuminate/Pipeline/Pipeline.php(141): call_user_func(Object(Closure), Object(Illuminate\Http\Request))
#33 /media/SOFT/xampp/htdocs/DMCL_MOBLIE/API/vendor/laravel/framework/src/Illuminate/Foundation/Http/Middleware/VerifyCsrfToken.php(43): Illuminate\Pipeline\Pipeline->Illuminate\Pipeline\{closure}(Object(Illuminate\Http\Request))
#34 /media/SOFT/xampp/htdocs/DMCL_MOBLIE/API/app/Http/Middleware/VerifyCsrfToken.php(17): Illuminate\Foundation\Http\Middleware\VerifyCsrfToken->handle(Object(Illuminate\Http\Request), Object(Closure))
#35 /media/SOFT/xampp/htdocs/DMCL_MOBLIE/API/vendor/laravel/framework/src/Illuminate/Pipeline/Pipeline.php(125): App\Http\Middleware\VerifyCsrfToken->handle(Object(Illuminate\Http\Request), Object(Closure))
#36 /media/SOFT/xampp/htdocs/DMCL_MOBLIE/API/vendor/laravel/framework/src/Illuminate/View/Middleware/ShareErrorsFromSession.php(55): Illuminate\Pipeline\Pipeline->Illuminate\Pipeline\{closure}(Object(Illuminate\Http\Request))
#37 /media/SOFT/xampp/htdocs/DMCL_MOBLIE/API/vendor/laravel/framework/src/Illuminate/Pipeline/Pipeline.php(125): Illuminate\View\Middleware\ShareErrorsFromSession->handle(Object(Illuminate\Http\Request), Object(Closure))
#38 /media/SOFT/xampp/htdocs/DMCL_MOBLIE/API/vendor/laravel/framework/src/Illuminate/Session/Middleware/StartSession.php(61): Illuminate\Pipeline\Pipeline->Illuminate\Pipeline\{closure}(Object(Illuminate\Http\Request))
#39 /media/SOFT/xampp/htdocs/DMCL_MOBLIE/API/vendor/laravel/framework/src/Illuminate/Pipeline/Pipeline.php(125): Illuminate\Session\Middleware\StartSession->handle(Object(Illuminate\Http\Request), Object(Closure))
#40 /media/SOFT/xampp/htdocs/DMCL_MOBLIE/API/vendor/laravel/framework/src/Illuminate/Cookie/Middleware/AddQueuedCookiesToResponse.php(36): Illuminate\Pipeline\Pipeline->Illuminate\Pipeline\{closure}(Object(Illuminate\Http\Request))
#41 /media/SOFT/xampp/htdocs/DMCL_MOBLIE/API/vendor/laravel/framework/src/Illuminate/Pipeline/Pipeline.php(125): Illuminate\Cookie\Middleware\AddQueuedCookiesToResponse->handle(Object(Illuminate\Http\Request), Object(Closure))
#42 /media/SOFT/xampp/htdocs/DMCL_MOBLIE/API/vendor/laravel/framework/src/Illuminate/Cookie/Middleware/EncryptCookies.php(40): Illuminate\Pipeline\Pipeline->Illuminate\Pipeline\{closure}(Object(Illuminate\Http\Request))
#43 /media/SOFT/xampp/htdocs/DMCL_MOBLIE/API/vendor/laravel/framework/src/Illuminate/Pipeline/Pipeline.php(125): Illuminate\Cookie\Middleware\EncryptCookies->handle(Object(Illuminate\Http\Request), Object(Closure))
#44 /media/SOFT/xampp/htdocs/DMCL_MOBLIE/API/vendor/laravel/framework/src/Illuminate/Foundation/Http/Middleware/CheckForMaintenanceMode.php(42): Illuminate\Pipeline\Pipeline->Illuminate\Pipeline\{closure}(Object(Illuminate\Http\Request))
#45 /media/SOFT/xampp/htdocs/DMCL_MOBLIE/API/vendor/laravel/framework/src/Illuminate/Pipeline/Pipeline.php(125): Illuminate\Foundation\Http\Middleware\CheckForMaintenanceMode->handle(Object(Illuminate\Http\Request), Object(Closure))
#46 [internal function]: Illuminate\Pipeline\Pipeline->Illuminate\Pipeline\{closure}(Object(Illuminate\Http\Request))
#47 /media/SOFT/xampp/htdocs/DMCL_MOBLIE/API/vendor/laravel/framework/src/Illuminate/Pipeline/Pipeline.php(101): call_user_func(Object(Closure), Object(Illuminate\Http\Request))
#48 /media/SOFT/xampp/htdocs/DMCL_MOBLIE/API/vendor/laravel/framework/src/Illuminate/Foundation/Http/Kernel.php(115): Illuminate\Pipeline\Pipeline->then(Object(Closure))
#49 /media/SOFT/xampp/htdocs/DMCL_MOBLIE/API/vendor/laravel/framework/src/Illuminate/Foundation/Http/Kernel.php(84): Illuminate\Foundation\Http\Kernel->sendRequestThroughRouter(Object(Illuminate\Http\Request))
#50 /media/SOFT/xampp/htdocs/DMCL_MOBLIE/API/index.php(56): Illuminate\Foundation\Http\Kernel->handle(Object(Illuminate\Http\Request))
#51 {main}

Next exception 'Illuminate\Database\QueryException' with message 'SQLSTATE[42S22]: Column not found: 1054 Unknown column 'undefined' in 'where clause' (SQL: SELECT * FROM tm_cities WHERE id=undefined)' in /media/SOFT/xampp/htdocs/DMCL_MOBLIE/API/vendor/laravel/framework/src/Illuminate/Database/Connection.php:624
Stack trace:
#0 /media/SOFT/xampp/htdocs/DMCL_MOBLIE/API/vendor/laravel/framework/src/Illuminate/Database/Connection.php(580): Illuminate\Database\Connection->runQueryCallback('SELECT * FROM t...', Array, Object(Closure))
#1 /media/SOFT/xampp/htdocs/DMCL_MOBLIE/API/vendor/laravel/framework/src/Illuminate/Database/Connection.php(297): Illuminate\Database\Connection->run('SELECT * FROM t...', Array, Object(Closure))
#2 [internal function]: Illuminate\Database\Connection->select('SELECT * FROM t...')
#3 /media/SOFT/xampp/htdocs/DMCL_MOBLIE/API/vendor/laravel/framework/src/Illuminate/Database/DatabaseManager.php(304): call_user_func_array(Array, Array)
#4 /media/SOFT/xampp/htdocs/DMCL_MOBLIE/API/vendor/laravel/framework/src/Illuminate/Support/Facades/Facade.php(210): Illuminate\Database\DatabaseManager->__call('select', Array)
#5 /media/SOFT/xampp/htdocs/DMCL_MOBLIE/API/vendor/laravel/framework/src/Illuminate/Support/Facades/Facade.php(210): Illuminate\Database\DatabaseManager->select('SELECT * FROM t...')
#6 /media/SOFT/xampp/htdocs/DMCL_MOBLIE/API/app/Http/Controllers/UserController.php(18): Illuminate\Support\Facades\Facade::__callStatic('select', Array)
#7 /media/SOFT/xampp/htdocs/DMCL_MOBLIE/API/app/Http/Controllers/UserController.php(18): Illuminate\Support\Facades\DB::select('SELECT * FROM t...')
#8 [internal function]: App\Http\Controllers\UserController->getlocation('undefined')
#9 /media/SOFT/xampp/htdocs/DMCL_MOBLIE/API/vendor/laravel/framework/src/Illuminate/Routing/Controller.php(246): call_user_func_array(Array, Array)
#10 /media/SOFT/xampp/htdocs/DMCL_MOBLIE/API/vendor/laravel/framework/src/Illuminate/Routing/ControllerDispatcher.php(162): Illuminate\Routing\Controller->callAction('getlocation', Array)
#11 /media/SOFT/xampp/htdocs/DMCL_MOBLIE/API/vendor/laravel/framework/src/Illuminate/Routing/ControllerDispatcher.php(107): Illuminate\Routing\ControllerDispatcher->call(Object(App\Http\Controllers\UserController), Object(Illuminate\Routing\Route), 'getlocation')
#12 [internal function]: Illuminate\Routing\ControllerDispatcher->Illuminate\Routing\{closure}(Object(Illuminate\Http\Request))
#13 /media/SOFT/xampp/htdocs/DMCL_MOBLIE/API/vendor/laravel/framework/src/Illuminate/Pipeline/Pipeline.php(141): call_user_func(Object(Closure), Object(Illuminate\Http\Request))
#14 [internal function]: Illuminate\Pipeline\Pipeline->Illuminate\Pipeline\{closure}(Object(Illuminate\Http\Request))
#15 /media/SOFT/xampp/htdocs/DMCL_MOBLIE/API/vendor/laravel/framework/src/Illuminate/Pipeline/Pipeline.php(101): call_user_func(Object(Closure), Object(Illuminate\Http\Request))
#16 /media/SOFT/xampp/htdocs/DMCL_MOBLIE/API/vendor/laravel/framework/src/Illuminate/Routing/ControllerDispatcher.php(108): Illuminate\Pipeline\Pipeline->then(Object(Closure))
#17 /media/SOFT/xampp/htdocs/DMCL_MOBLIE/API/vendor/laravel/framework/src/Illuminate/Routing/ControllerDispatcher.php(67): Illuminate\Routing\ControllerDispatcher->callWithinStack(Object(App\Http\Controllers\UserController), Object(Illuminate\Routing\Route), Object(Illuminate\Http\Request), 'getlocation')
#18 /media/SOFT/xampp/htdocs/DMCL_MOBLIE/API/vendor/laravel/framework/src/Illuminate/Routing/Route.php(204): Illuminate\Routing\ControllerDispatcher->dispatch(Object(Illuminate\Routing\Route), Object(Illuminate\Http\Request), 'App\Http\Contro...', 'getlocation')
#19 /media/SOFT/xampp/htdocs/DMCL_MOBLIE/API/vendor/laravel/framework/src/Illuminate/Routing/Route.php(134): Illuminate\Routing\Route->runWithCustomDispatcher(Object(Illuminate\Http\Request))
#20 /media/SOFT/xampp/htdocs/DMCL_MOBLIE/API/vendor/laravel/framework/src/Illuminate/Routing/Router.php(701): Illuminate\Routing\Route->run(Object(Illuminate\Http\Request))
#21 [internal function]: Illuminate\Routing\Router->Illuminate\Routing\{closure}(Object(Illuminate\Http\Request))
#22 /media/SOFT/xampp/htdocs/DMCL_MOBLIE/API/vendor/laravel/framework/src/Illuminate/Pipeline/Pipeline.php(141): call_user_func(Object(Closure), Object(Illuminate\Http\Request))
#23 [internal function]: Illuminate\Pipeline\Pipeline->Illuminate\Pipeline\{closure}(Object(Illuminate\Http\Request))
#24 /media/SOFT/xampp/htdocs/DMCL_MOBLIE/API/vendor/laravel/framework/src/Illuminate/Pipeline/Pipeline.php(101): call_user_func(Object(Closure), Object(Illuminate\Http\Request))
#25 /media/SOFT/xampp/htdocs/DMCL_MOBLIE/API/vendor/laravel/framework/src/Illuminate/Routing/Router.php(703): Illuminate\Pipeline\Pipeline->then(Object(Closure))
#26 /media/SOFT/xampp/htdocs/DMCL_MOBLIE/API/vendor/laravel/framework/src/Illuminate/Routing/Router.php(670): Illuminate\Routing\Router->runRouteWithinStack(Object(Illuminate\Routing\Route), Object(Illuminate\Http\Request))
#27 /media/SOFT/xampp/htdocs/DMCL_MOBLIE/API/vendor/laravel/framework/src/Illuminate/Routing/Router.php(628): Illuminate\Routing\Router->dispatchToRoute(Object(Illuminate\Http\Request))
#28 /media/SOFT/xampp/htdocs/DMCL_MOBLIE/API/vendor/laravel/framework/src/Illuminate/Foundation/Http/Kernel.php(214): Illuminate\Routing\Router->dispatch(Object(Illuminate\Http\Request))
#29 [internal function]: Illuminate\Foundation\Http\Kernel->Illuminate\Foundation\Http\{closure}(Object(Illuminate\Http\Request))
#30 /media/SOFT/xampp/htdocs/DMCL_MOBLIE/API/vendor/laravel/framework/src/Illuminate/Pipeline/Pipeline.php(141): call_user_func(Object(Closure), Object(Illuminate\Http\Request))
#31 /media/SOFT/xampp/htdocs/DMCL_MOBLIE/API/vendor/laravel/framework/src/Illuminate/Foundation/Http/Middleware/VerifyCsrfToken.php(43): Illuminate\Pipeline\Pipeline->Illuminate\Pipeline\{closure}(Object(Illuminate\Http\Request))
#32 /media/SOFT/xampp/htdocs/DMCL_MOBLIE/API/app/Http/Middleware/VerifyCsrfToken.php(17): Illuminate\Foundation\Http\Middleware\VerifyCsrfToken->handle(Object(Illuminate\Http\Request), Object(Closure))
#33 /media/SOFT/xampp/htdocs/DMCL_MOBLIE/API/vendor/laravel/framework/src/Illuminate/Pipeline/Pipeline.php(125): App\Http\Middleware\VerifyCsrfToken->handle(Object(Illuminate\Http\Request), Object(Closure))
#34 /media/SOFT/xampp/htdocs/DMCL_MOBLIE/API/vendor/laravel/framework/src/Illuminate/View/Middleware/ShareErrorsFromSession.php(55): Illuminate\Pipeline\Pipeline->Illuminate\Pipeline\{closure}(Object(Illuminate\Http\Request))
#35 /media/SOFT/xampp/htdocs/DMCL_MOBLIE/API/vendor/laravel/framework/src/Illuminate/Pipeline/Pipeline.php(125): Illuminate\View\Middleware\ShareErrorsFromSession->handle(Object(Illuminate\Http\Request), Object(Closure))
#36 /media/SOFT/xampp/htdocs/DMCL_MOBLIE/API/vendor/laravel/framework/src/Illuminate/Session/Middleware/StartSession.php(61): Illuminate\Pipeline\Pipeline->Illuminate\Pipeline\{closure}(Object(Illuminate\Http\Request))
#37 /media/SOFT/xampp/htdocs/DMCL_MOBLIE/API/vendor/laravel/framework/src/Illuminate/Pipeline/Pipeline.php(125): Illuminate\Session\Middleware\StartSession->handle(Object(Illuminate\Http\Request), Object(Closure))
#38 /media/SOFT/xampp/htdocs/DMCL_MOBLIE/API/vendor/laravel/framework/src/Illuminate/Cookie/Middleware/AddQueuedCookiesToResponse.php(36): Illuminate\Pipeline\Pipeline->Illuminate\Pipeline\{closure}(Object(Illuminate\Http\Request))
#39 /media/SOFT/xampp/htdocs/DMCL_MOBLIE/API/vendor/laravel/framework/src/Illuminate/Pipeline/Pipeline.php(125): Illuminate\Cookie\Middleware\AddQueuedCookiesToResponse->handle(Object(Illuminate\Http\Request), Object(Closure))
#40 /media/SOFT/xampp/htdocs/DMCL_MOBLIE/API/vendor/laravel/framework/src/Illuminate/Cookie/Middleware/EncryptCookies.php(40): Illuminate\Pipeline\Pipeline->Illuminate\Pipeline\{closure}(Object(Illuminate\Http\Request))
#41 /media/SOFT/xampp/htdocs/DMCL_MOBLIE/API/vendor/laravel/framework/src/Illuminate/Pipeline/Pipeline.php(125): Illuminate\Cookie\Middleware\EncryptCookies->handle(Object(Illuminate\Http\Request), Object(Closure))
#42 /media/SOFT/xampp/htdocs/DMCL_MOBLIE/API/vendor/laravel/framework/src/Illuminate/Foundation/Http/Middleware/CheckForMaintenanceMode.php(42): Illuminate\Pipeline\Pipeline->Illuminate\Pipeline\{closure}(Object(Illuminate\Http\Request))
#43 /media/SOFT/xampp/htdocs/DMCL_MOBLIE/API/vendor/laravel/framework/src/Illuminate/Pipeline/Pipeline.php(125): Illuminate\Foundation\Http\Middleware\CheckForMaintenanceMode->handle(Object(Illuminate\Http\Request), Object(Closure))
#44 [internal function]: Illuminate\Pipeline\Pipeline->Illuminate\Pipeline\{closure}(Object(Illuminate\Http\Request))
#45 /media/SOFT/xampp/htdocs/DMCL_MOBLIE/API/vendor/laravel/framework/src/Illuminate/Pipeline/Pipeline.php(101): call_user_func(Object(Closure), Object(Illuminate\Http\Request))
#46 /media/SOFT/xampp/htdocs/DMCL_MOBLIE/API/vendor/laravel/framework/src/Illuminate/Foundation/Http/Kernel.php(115): Illuminate\Pipeline\Pipeline->then(Object(Closure))
#47 /media/SOFT/xampp/htdocs/DMCL_MOBLIE/API/vendor/laravel/framework/src/Illuminate/Foundation/Http/Kernel.php(84): Illuminate\Foundation\Http\Kernel->sendRequestThroughRouter(Object(Illuminate\Http\Request))
#48 /media/SOFT/xampp/htdocs/DMCL_MOBLIE/API/index.php(56): Illuminate\Foundation\Http\Kernel->handle(Object(Illuminate\Http\Request))
#49 {main}  
